<?xml version="1.0" encoding="UTF-8"?>
<!-- Generated by org.testng.reporters.JUnitXMLReporter -->
<testsuite ignored="0" hostname="Anand" failures="0" tests="3" name="Default test" time="212.049" errors="0" timestamp="2024-02-25T12:39:15 IST">
  <testcase classname="testCases.TC005_UsedCarDetails" name="testUsedCars" time="4.777"/>
  <testcase classname="testCases.TC005_UsedCarDetails" name="testWritePopularCarModel" time="3.039"/>
  <testcase classname="testCases.TC005_UsedCarDetails" name="testWriteAllPopularCarModelDetails" time="199.399"/>
</testsuite> <!-- Default test -->
