<?xml version="1.0" encoding="UTF-8"?>
<!-- Generated by org.testng.reporters.JUnitXMLReporter -->
<testsuite ignored="0" hostname="Anand" failures="1" tests="11" name=" Edge Test" time="350.506" errors="0" timestamp="2024-02-25T19:10:07 IST">
  <testcase classname="testCases.TC001_InvalidGoogleLogin" name="testInvalidGoogleLogin" time="4.467"/>
  <testcase classname="testCases.TC002_BikeDetails" name="testBikeDetails" time="2.982"/>
  <testcase classname="testCases.TC002_BikeDetails" name="testWriteBikeDetails" time="0.931"/>
  <testcase classname="testCases.TC003_CarDetails" name="testCarDetails" time="4.317"/>
  <testcase classname="testCases.TC003_CarDetails" name="testWriteCarDetails" time="1.179"/>
  <testcase classname="testCases.TC004_HealthInsurance" name="testHealthInsurance" time="25.151"/>
  <testcase classname="testCases.TC004_HealthInsurance" name="testWriteHealthInsuranceBrandName" time="15.551"/>
  <testcase classname="testCases.TC004_HealthInsurance" name="testWriteHealthInsurancePlan" time="0.257"/>
  <testcase classname="testCases.TC005_UsedCarDetails" name="testUsedCars" time="4.874"/>
  <testcase classname="testCases.TC005_UsedCarDetails" name="testWritePopularCarModel" time="0.285"/>
  <testcase classname="testCases.TC005_UsedCarDetails" name="testWriteAllPopularCarModelDetails" time="265.169">
    <failure type="java.lang.IllegalArgumentException" message="sheetName &amp;apos;&amp;apos; is invalid - character count MUST be greater than or equal to 1 and less than or equal to 31">
      <![CDATA[java.lang.IllegalArgumentException: sheetName '' is invalid - character count MUST be greater than or equal to 1 and less than or equal to 31
at org.apache.poi.ss.util.WorkbookUtil.validateSheetName(WorkbookUtil.java:131)
at org.apache.poi.xssf.usermodel.XSSFWorkbook.createSheet(XSSFWorkbook.java:941)
at utilities.WriteExcelData.writeAllPopularCarModelDetails(WriteExcelData.java:235)
at testCases.TC005_UsedCarDetails.testWriteAllPopularCarModelDetails(TC005_UsedCarDetails.java:35)
at java.base/java.util.ArrayList.forEach(ArrayList.java:1511)
... Removed 27 stack frames]]>
    </failure>
  </testcase> <!-- testWriteAllPopularCarModelDetails -->
</testsuite> <!--  Edge Test -->
