<?xml version="1.0" encoding="UTF-8"?>
<!-- Generated by org.testng.reporters.JUnitXMLReporter -->
<testsuite ignored="4" hostname="LTIN271927" failures="0" tests="10" name="Chrome Test" time="337.651" errors="0" timestamp="2024-03-01T15:16:11 IST">
  <testcase classname="testCases.TC002_BikeDetails" name="testBikeDetails" time="24.337"/>
  <testcase classname="testCases.TC002_BikeDetails" name="testWriteBikeDetails" time="4.875"/>
  <testcase classname="testCases.TC003_CarDetails" name="testCarDetails" time="32.449"/>
  <testcase classname="testCases.TC003_CarDetails" name="testWriteCarDetails" time="2.208"/>
  <testcase classname="testCases.TC004_UsedCarDetails" name="testUsedCars" time="29.684"/>
  <testcase classname="testCases.TC004_UsedCarDetails" name="testWritePopularCarModel" time="0.294"/>
  <testcase classname="testCases.TC004_UsedCarDetails" name="testWriteAllPopularCarModelDetails" time="116.789"/>
  <testcase classname="testCases.TC005_HealthInsurance" name="testHealthInsurance" time="59.3"/>
  <testcase classname="testCases.TC005_HealthInsurance" name="testWriteHealthInsuranceBrandName" time="15.675"/>
  <testcase classname="testCases.TC005_HealthInsurance" name="testWriteHealthInsurancePlan" time="0.647"/>
  <testcase classname="testCases.TC002_BikeDetails" name="smokeBikeDetails" time="0.0">
    <ignored/>
  </testcase> <!-- smokeBikeDetails -->
  <testcase classname="testCases.TC004_UsedCarDetails" name="smokePopularCarModel" time="0.0">
    <ignored/>
  </testcase> <!-- smokePopularCarModel -->
  <testcase classname="testCases.TC005_HealthInsurance" name="smokeHealthInsurance" time="0.0">
    <ignored/>
  </testcase> <!-- smokeHealthInsurance -->
  <testcase classname="testCases.TC003_CarDetails" name="smokeCarDetails" time="0.0">
    <ignored/>
  </testcase> <!-- smokeCarDetails -->
</testsuite> <!-- Chrome Test -->
