<?xml version="1.0" encoding="UTF-8"?>
<!-- Generated by org.testng.reporters.JUnitXMLReporter -->
<testsuite ignored="0" hostname="Anand" failures="2" tests="3" name="Test" time="13.229" errors="0" timestamp="2024-02-24T22:29:57 IST">
  <testcase classname="testCases.TC001_BikeDetails" name="testBikeDetails" time="3.634"/>
  <testcase classname="testCases.TC002_CarDetails" name="testCarDetails" time="0.01">
    <failure type="java.lang.NullPointerException" message="Cannot invoke &amp;quot;pageObjects.CarDetailsPage.hoverNewCars()&amp;quot; because &amp;quot;this.car&amp;quot; is null">
      <![CDATA[java.lang.NullPointerException: Cannot invoke "pageObjects.CarDetailsPage.hoverNewCars()" because "this.car" is null
at testCases.TC002_CarDetails.testCarDetails(TC002_CarDetails.java:15)
at java.base/java.util.ArrayList.forEach(ArrayList.java:1511)
... Removed 27 stack frames]]>
    </failure>
  </testcase> <!-- testCarDetails -->
  <testcase classname="testCases.TC003_HealthInsurance" name="testHealthInsurance" time="0.012">
    <failure type="java.lang.NullPointerException" message="Cannot invoke &amp;quot;pageObjects.HealthInsurancePage.hoverMore()&amp;quot; because &amp;quot;this.health&amp;quot; is null">
      <![CDATA[java.lang.NullPointerException: Cannot invoke "pageObjects.HealthInsurancePage.hoverMore()" because "this.health" is null
at testCases.TC003_HealthInsurance.testHealthInsurance(TC003_HealthInsurance.java:15)
at java.base/java.util.ArrayList.forEach(ArrayList.java:1511)
... Removed 27 stack frames]]>
    </failure>
  </testcase> <!-- testHealthInsurance -->
</testsuite> <!-- Test -->
