<?xml version="1.0" encoding="UTF-8"?>
<!-- Generated by org.testng.reporters.JUnitXMLReporter -->
<testsuite ignored="0" hostname="Anand" failures="0" tests="11" name="Test1" time="181.446" errors="0" timestamp="2024-02-25T15:04:34 IST">
  <testcase classname="testCases.TC001_InvalidGoogleLogin" name="testInvalidGoogleLogin" time="5.333"/>
  <testcase classname="testCases.TC002_BikeDetails" name="testBikeDetails" time="3.064"/>
  <testcase classname="testCases.TC002_BikeDetails" name="testWriteBikeDetails" time="3.071"/>
  <testcase classname="testCases.TC003_CarDetails" name="testCarDetails" time="3.789"/>
  <testcase classname="testCases.TC003_CarDetails" name="testWriteCarDetails" time="0.931"/>
  <testcase classname="testCases.TC004_HealthInsurance" name="testHealthInsurance" time="24.089"/>
  <testcase classname="testCases.TC004_HealthInsurance" name="testWriteHealthInsuranceBrandName" time="15.231"/>
  <testcase classname="testCases.TC004_HealthInsurance" name="testWriteHealthInsurancePlan" time="0.198"/>
  <testcase classname="testCases.TC005_UsedCarDetails" name="testUsedCars" time="4.032"/>
  <testcase classname="testCases.TC005_UsedCarDetails" name="testWritePopularCarModel" time="0.116"/>
  <testcase classname="testCases.TC005_UsedCarDetails" name="testWriteAllPopularCarModelDetails" time="105.343"/>
</testsuite> <!-- Test1 -->
