<?xml version="1.0" encoding="UTF-8"?>
<!-- Generated by org.testng.reporters.JUnitXMLReporter -->
<testsuite ignored="0" hostname="Anand" failures="0" tests="4" name="Test" time="180.309" errors="0" timestamp="2024-02-25T00:03:11 IST">
  <testcase classname="testCases.TC001_BikeDetails" name="testBikeDetails" time="3.463"/>
  <testcase classname="testCases.TC002_CarDetails" name="testCarDetails" time="5.453"/>
  <testcase classname="testCases.TC003_HealthInsurance" name="testHealthInsurance" time="44.391"/>
  <testcase classname="testCases.TC004_UsedCarDetails" name="testUsedCars" time="113.357"/>
</testsuite> <!-- Test -->
