<?xml version="1.0" encoding="UTF-8"?>
<!-- Generated by org.testng.reporters.JUnitXMLReporter -->
<testsuite ignored="0" hostname="Anand" failures="0" tests="3" name="Test2" time="41.815" errors="0" timestamp="2024-02-25T14:56:09 IST">
  <testcase classname="testCases.TC004_HealthInsurance" name="testHealthInsurance" time="23.525"/>
  <testcase classname="testCases.TC004_HealthInsurance" name="testWriteHealthInsuranceBrandName" time="15.261"/>
  <testcase classname="testCases.TC004_HealthInsurance" name="testWriteHealthInsurancePlan" time="0.202"/>
</testsuite> <!-- Test2 -->
