<?xml version="1.0" encoding="UTF-8"?>
<!-- Generated by org.testng.reporters.JUnitXMLReporter -->
<testsuite ignored="0" hostname="Anand" failures="0" tests="5" name="Test1" time="27.566" errors="0" timestamp="2024-02-25T14:50:37 IST">
  <testcase classname="testCases.TC001_InvalidGoogleLogin" name="testInvalidGoogleLogin" time="3.69"/>
  <testcase classname="testCases.TC002_BikeDetails" name="testBikeDetails" time="3.358"/>
  <testcase classname="testCases.TC002_BikeDetails" name="testWriteBikeDetails" time="3.645"/>
  <testcase classname="testCases.TC003_CarDetails" name="testCarDetails" time="4.918"/>
  <testcase classname="testCases.TC003_CarDetails" name="testWriteCarDetails" time="1.095"/>
</testsuite> <!-- Test1 -->
