<?xml version="1.0" encoding="UTF-8"?>
<!-- Generated by org.testng.reporters.JUnitXMLReporter -->
<testsuite ignored="0" hostname="Anand" failures="0" tests="3" name="Test2" time="42.734" errors="0" timestamp="2024-02-25T14:51:20 IST">
  <testcase classname="testCases.TC004_HealthInsurance" name="testHealthInsurance" time="24.652"/>
  <testcase classname="testCases.TC004_HealthInsurance" name="testWriteHealthInsuranceBrandName" time="15.223"/>
  <testcase classname="testCases.TC004_HealthInsurance" name="testWriteHealthInsurancePlan" time="0.186"/>
</testsuite> <!-- Test2 -->
