<?xml version="1.0" encoding="UTF-8"?>
<!-- Generated by org.testng.reporters.JUnitXMLReporter -->
<testsuite ignored="2" hostname="Anand" failures="1" tests="1" name=" Edge Test(failed)" time="5.892" errors="0" timestamp="2024-02-25T19:27:56 IST">
  <testcase classname="testCases.TC005_UsedCarDetails" name="testWriteAllPopularCarModelDetails" time="0.007">
    <failure type="java.lang.NullPointerException" message="Cannot invoke &amp;quot;pageObjects.UsedCarPage.getAllPopularCarModelDetails()&amp;quot; because &amp;quot;this.usedcar&amp;quot; is null">
      <![CDATA[java.lang.NullPointerException: Cannot invoke "pageObjects.UsedCarPage.getAllPopularCarModelDetails()" because "this.usedcar" is null
at testCases.TC005_UsedCarDetails.testWriteAllPopularCarModelDetails(TC005_UsedCarDetails.java:34)
at java.base/java.util.ArrayList.forEach(ArrayList.java:1511)
... Removed 27 stack frames]]>
    </failure>
  </testcase> <!-- testWriteAllPopularCarModelDetails -->
  <testcase classname="testCases.TC005_UsedCarDetails" name="testWritePopularCarModel" time="0.0">
    <ignored/>
  </testcase> <!-- testWritePopularCarModel -->
  <testcase classname="testCases.TC005_UsedCarDetails" name="testUsedCars" time="0.0">
    <ignored/>
  </testcase> <!-- testUsedCars -->
</testsuite> <!--  Edge Test(failed) -->
