<?xml version="1.0" encoding="UTF-8"?>
<!-- Generated by org.testng.reporters.JUnitXMLReporter -->
<testsuite ignored="2" hostname="LTIN271927" failures="0" tests="1" name="Chrome Test(failed)(failed)(failed)(failed)" time="104.828" errors="0" timestamp="2024-02-26T12:16:47 IST">
  <testcase classname="testCases.TC004_HealthInsurance" name="testHealthInsurance" time="86.556"/>
  <testcase classname="testCases.TC004_HealthInsurance" name="testWriteHealthInsuranceBrandName" time="0.0">
    <ignored/>
  </testcase> <!-- testWriteHealthInsuranceBrandName -->
  <testcase classname="testCases.TC004_HealthInsurance" name="testWriteHealthInsurancePlan" time="0.0">
    <ignored/>
  </testcase> <!-- testWriteHealthInsurancePlan -->
</testsuite> <!-- Chrome Test(failed)(failed)(failed)(failed) -->
