<?xml version="1.0" encoding="UTF-8"?>
<testng-results ignored="0" total="5" passed="4" failed="1" skipped="0">
  <reporter-output>
  </reporter-output>
  <suite started-at="2024-02-28T13:44:26 IST" name="Suite" finished-at="2024-02-28T13:47:23 IST" duration-ms="176876">
    <groups>
      <group name="smoke">
        <method signature="TC001_InvalidGoogleLogin.smokeInvalidGoogleLogin()[pri:0, instance:testCases.TC001_InvalidGoogleLogin@5b247367]" name="smokeInvalidGoogleLogin" class="testCases.TC001_InvalidGoogleLogin"/>
        <method signature="TC002_BikeDetails.smokeBikeDetails()[pri:0, instance:testCases.TC002_BikeDetails@7c137fd5]" name="smokeBikeDetails" class="testCases.TC002_BikeDetails"/>
        <method signature="TC003_CarDetails.smokeCarDetails()[pri:0, instance:testCases.TC003_CarDetails@183ec003]" name="smokeCarDetails" class="testCases.TC003_CarDetails"/>
        <method signature="TC004_UsedCarDetails.smokePopularCarModel()[pri:0, instance:testCases.TC004_UsedCarDetails@7d9d0818]" name="smokePopularCarModel" class="testCases.TC004_UsedCarDetails"/>
        <method signature="TC005_HealthInsurance.smokeHealthInsurance()[pri:0, instance:testCases.TC005_HealthInsurance@221a3fa4]" name="smokeHealthInsurance" class="testCases.TC005_HealthInsurance"/>
      </group> <!-- smoke -->
    </groups>
    <test started-at="2024-02-28T13:44:26 IST" name="Chrome Test" finished-at="2024-02-28T13:47:23 IST" duration-ms="176876">
      <class name="testCases.TC004_UsedCarDetails">
        <test-method is-config="true" signature="initializeBrowser(java.lang.String)[pri:0, instance:testCases.TC004_UsedCarDetails@7d9d0818]" started-at="2024-02-28T13:46:26 IST" name="initializeBrowser" finished-at="2024-02-28T13:46:40 IST" duration-ms="13397" status="PASS">
          <params>
            <param index="0">
              <value>
                <![CDATA[Chrome]]>
              </value>
            </param>
          </params>
          <reporter-output>
          </reporter-output>
        </test-method> <!-- initializeBrowser -->
        <test-method signature="smokePopularCarModel()[pri:0, instance:testCases.TC004_UsedCarDetails@7d9d0818]" started-at="2024-02-28T13:46:40 IST" name="smokePopularCarModel" finished-at="2024-02-28T13:46:59 IST" duration-ms="19360" status="PASS">
          <reporter-output>
          </reporter-output>
        </test-method> <!-- smokePopularCarModel -->
        <test-method is-config="true" signature="closeBrowser()[pri:0, instance:testCases.TC004_UsedCarDetails@7d9d0818]" started-at="2024-02-28T13:46:59 IST" name="closeBrowser" finished-at="2024-02-28T13:47:01 IST" duration-ms="1645" status="PASS">
          <reporter-output>
          </reporter-output>
        </test-method> <!-- closeBrowser -->
      </class> <!-- testCases.TC004_UsedCarDetails -->
      <class name="testCases.TC005_HealthInsurance">
        <test-method is-config="true" signature="initializeBrowser(java.lang.String)[pri:0, instance:testCases.TC005_HealthInsurance@221a3fa4]" started-at="2024-02-28T13:47:01 IST" name="initializeBrowser" finished-at="2024-02-28T13:47:13 IST" duration-ms="12699" status="PASS">
          <params>
            <param index="0">
              <value>
                <![CDATA[Chrome]]>
              </value>
            </param>
          </params>
          <reporter-output>
          </reporter-output>
        </test-method> <!-- initializeBrowser -->
        <test-method signature="smokeHealthInsurance()[pri:0, instance:testCases.TC005_HealthInsurance@221a3fa4]" started-at="2024-02-28T13:47:13 IST" name="smokeHealthInsurance" finished-at="2024-02-28T13:47:22 IST" duration-ms="8206" status="PASS">
          <reporter-output>
          </reporter-output>
        </test-method> <!-- smokeHealthInsurance -->
        <test-method is-config="true" signature="closeBrowser()[pri:0, instance:testCases.TC005_HealthInsurance@221a3fa4]" started-at="2024-02-28T13:47:22 IST" name="closeBrowser" finished-at="2024-02-28T13:47:23 IST" duration-ms="1160" status="PASS">
          <reporter-output>
          </reporter-output>
        </test-method> <!-- closeBrowser -->
      </class> <!-- testCases.TC005_HealthInsurance -->
      <class name="testCases.TC003_CarDetails">
        <test-method is-config="true" signature="initializeBrowser(java.lang.String)[pri:0, instance:testCases.TC003_CarDetails@183ec003]" started-at="2024-02-28T13:45:23 IST" name="initializeBrowser" finished-at="2024-02-28T13:45:33 IST" duration-ms="10507" status="PASS">
          <params>
            <param index="0">
              <value>
                <![CDATA[Chrome]]>
              </value>
            </param>
          </params>
          <reporter-output>
          </reporter-output>
        </test-method> <!-- initializeBrowser -->
        <test-method signature="smokeCarDetails()[pri:0, instance:testCases.TC003_CarDetails@183ec003]" started-at="2024-02-28T13:45:33 IST" name="smokeCarDetails" finished-at="2024-02-28T13:46:25 IST" duration-ms="51504" status="PASS">
          <reporter-output>
          </reporter-output>
        </test-method> <!-- smokeCarDetails -->
        <test-method is-config="true" signature="closeBrowser()[pri:0, instance:testCases.TC003_CarDetails@183ec003]" started-at="2024-02-28T13:46:25 IST" name="closeBrowser" finished-at="2024-02-28T13:46:26 IST" duration-ms="1551" status="PASS">
          <reporter-output>
          </reporter-output>
        </test-method> <!-- closeBrowser -->
      </class> <!-- testCases.TC003_CarDetails -->
      <class name="testCases.TC001_InvalidGoogleLogin">
        <test-method is-config="true" signature="initializeBrowser(java.lang.String)[pri:0, instance:testCases.TC001_InvalidGoogleLogin@5b247367]" started-at="2024-02-28T13:44:26 IST" name="initializeBrowser" finished-at="2024-02-28T13:44:41 IST" duration-ms="15499" status="PASS">
          <params>
            <param index="0">
              <value>
                <![CDATA[Chrome]]>
              </value>
            </param>
          </params>
          <reporter-output>
          </reporter-output>
        </test-method> <!-- initializeBrowser -->
        <test-method signature="smokeInvalidGoogleLogin()[pri:0, instance:testCases.TC001_InvalidGoogleLogin@5b247367]" started-at="2024-02-28T13:44:42 IST" name="smokeInvalidGoogleLogin" finished-at="2024-02-28T13:44:43 IST" duration-ms="1309" status="FAIL">
          <exception class="org.openqa.selenium.NoSuchElementException">
            <message>
              <![CDATA[no such element: Unable to locate element: {"method":"css selector","selector":"#report_submit_close_login"}
  (Session info: chrome=120.0.6099.130)
For documentation on this error, please visit: https://www.selenium.dev/documentation/webdriver/troubleshooting/errors#no-such-element-exception
Build info: version: '4.17.0', revision: 'e52b1be057*'
System info: os.name: 'Windows 11', os.arch: 'amd64', os.version: '10.0', java.version: '17.0.9'
Driver info: org.openqa.selenium.chrome.ChromeDriver
Command: [ad63b5835b4b3f08c3a260c2ff2f8c12, findElement {value=report_submit_close_login, using=id}]
Capabilities {acceptInsecureCerts: false, browserName: chrome, browserVersion: 120.0.6099.130, chrome: {chromedriverVersion: 120.0.6099.109 (3419140ab66..., userDataDir: C:\Windows\SystemTemp\scope...}, fedcm:accounts: true, goog:chromeOptions: {debuggerAddress: localhost:57862}, networkConnectionEnabled: false, pageLoadStrategy: normal, platformName: windows, proxy: Proxy(), se:cdp: ws://localhost:57862/devtoo..., se:cdpVersion: 120.0.6099.130, setWindowRect: true, strictFileInteractability: false, timeouts: {implicit: 0, pageLoad: 300000, script: 30000}, unhandledPromptBehavior: dismiss and notify, webauthn:extension:credBlob: true, webauthn:extension:largeBlob: true, webauthn:extension:minPinLength: true, webauthn:extension:prf: true, webauthn:virtualAuthenticators: true}
Session ID: ad63b5835b4b3f08c3a260c2ff2f8c12]]>
            </message>
            <full-stacktrace>
              <![CDATA[org.openqa.selenium.NoSuchElementException: no such element: Unable to locate element: {"method":"css selector","selector":"#report_submit_close_login"}
  (Session info: chrome=120.0.6099.130)
For documentation on this error, please visit: https://www.selenium.dev/documentation/webdriver/troubleshooting/errors#no-such-element-exception
Build info: version: '4.17.0', revision: 'e52b1be057*'
System info: os.name: 'Windows 11', os.arch: 'amd64', os.version: '10.0', java.version: '17.0.9'
Driver info: org.openqa.selenium.chrome.ChromeDriver
Command: [ad63b5835b4b3f08c3a260c2ff2f8c12, findElement {value=report_submit_close_login, using=id}]
Capabilities {acceptInsecureCerts: false, browserName: chrome, browserVersion: 120.0.6099.130, chrome: {chromedriverVersion: 120.0.6099.109 (3419140ab66..., userDataDir: C:\Windows\SystemTemp\scope...}, fedcm:accounts: true, goog:chromeOptions: {debuggerAddress: localhost:57862}, networkConnectionEnabled: false, pageLoadStrategy: normal, platformName: windows, proxy: Proxy(), se:cdp: ws://localhost:57862/devtoo..., se:cdpVersion: 120.0.6099.130, setWindowRect: true, strictFileInteractability: false, timeouts: {implicit: 0, pageLoad: 300000, script: 30000}, unhandledPromptBehavior: dismiss and notify, webauthn:extension:credBlob: true, webauthn:extension:largeBlob: true, webauthn:extension:minPinLength: true, webauthn:extension:prf: true, webauthn:virtualAuthenticators: true}
Session ID: ad63b5835b4b3f08c3a260c2ff2f8c12
at java.base/jdk.internal.reflect.NativeConstructorAccessorImpl.newInstance0(Native Method)
at java.base/jdk.internal.reflect.NativeConstructorAccessorImpl.newInstance(NativeConstructorAccessorImpl.java:77)
at java.base/jdk.internal.reflect.DelegatingConstructorAccessorImpl.newInstance(DelegatingConstructorAccessorImpl.java:45)
at java.base/java.lang.reflect.Constructor.newInstanceWithCaller(Constructor.java:499)
at java.base/java.lang.reflect.Constructor.newInstance(Constructor.java:480)
at org.openqa.selenium.remote.codec.w3c.W3CHttpResponseCodec.createException(W3CHttpResponseCodec.java:185)
at org.openqa.selenium.remote.codec.w3c.W3CHttpResponseCodec.decode(W3CHttpResponseCodec.java:134)
at org.openqa.selenium.remote.codec.w3c.W3CHttpResponseCodec.decode(W3CHttpResponseCodec.java:51)
at org.openqa.selenium.remote.HttpCommandExecutor.execute(HttpCommandExecutor.java:190)
at org.openqa.selenium.remote.service.DriverCommandExecutor.invokeExecute(DriverCommandExecutor.java:216)
at org.openqa.selenium.remote.service.DriverCommandExecutor.execute(DriverCommandExecutor.java:174)
at org.openqa.selenium.remote.RemoteWebDriver.execute(RemoteWebDriver.java:519)
at org.openqa.selenium.remote.ElementLocation$ElementFinder$2.findElement(ElementLocation.java:165)
at org.openqa.selenium.remote.ElementLocation.findElement(ElementLocation.java:66)
at org.openqa.selenium.remote.RemoteWebDriver.findElement(RemoteWebDriver.java:356)
at org.openqa.selenium.remote.RemoteWebDriver.findElement(RemoteWebDriver.java:350)
at pageObjects.InvalidGoogleLoginPage.checkGoogleOption(InvalidGoogleLoginPage.java:96)
at testCases.TC001_InvalidGoogleLogin.smokeInvalidGoogleLogin(TC001_InvalidGoogleLogin.java:33)
at java.base/jdk.internal.reflect.NativeMethodAccessorImpl.invoke0(Native Method)
at java.base/jdk.internal.reflect.NativeMethodAccessorImpl.invoke(NativeMethodAccessorImpl.java:77)
at java.base/jdk.internal.reflect.DelegatingMethodAccessorImpl.invoke(DelegatingMethodAccessorImpl.java:43)
at java.base/java.lang.reflect.Method.invoke(Method.java:568)
at org.testng.internal.invokers.MethodInvocationHelper.invokeMethod(MethodInvocationHelper.java:139)
at org.testng.internal.invokers.TestInvoker.invokeMethod(TestInvoker.java:664)
at org.testng.internal.invokers.TestInvoker.invokeTestMethod(TestInvoker.java:228)
at org.testng.internal.invokers.MethodRunner.runInSequence(MethodRunner.java:63)
at org.testng.internal.invokers.TestInvoker$MethodInvocationAgent.invoke(TestInvoker.java:961)
at org.testng.internal.invokers.TestInvoker.invokeTestMethods(TestInvoker.java:201)
at org.testng.internal.invokers.TestMethodWorker.invokeTestMethods(TestMethodWorker.java:148)
at org.testng.internal.invokers.TestMethodWorker.run(TestMethodWorker.java:128)
at java.base/java.util.ArrayList.forEach(ArrayList.java:1511)
at org.testng.TestRunner.privateRun(TestRunner.java:819)
at org.testng.TestRunner.run(TestRunner.java:619)
at org.testng.SuiteRunner.runTest(SuiteRunner.java:443)
at org.testng.SuiteRunner.runSequentially(SuiteRunner.java:437)
at org.testng.SuiteRunner.privateRun(SuiteRunner.java:397)
at org.testng.SuiteRunner.run(SuiteRunner.java:336)
at org.testng.SuiteRunnerWorker.runSuite(SuiteRunnerWorker.java:52)
at org.testng.SuiteRunnerWorker.run(SuiteRunnerWorker.java:95)
at org.testng.TestNG.runSuitesSequentially(TestNG.java:1301)
at org.testng.TestNG.runSuitesLocally(TestNG.java:1228)
at org.testng.TestNG.runSuites(TestNG.java:1134)
at org.testng.TestNG.run(TestNG.java:1101)
at org.testng.remote.AbstractRemoteTestNG.run(AbstractRemoteTestNG.java:115)
at org.testng.remote.RemoteTestNG.initAndRun(RemoteTestNG.java:251)
at org.testng.remote.RemoteTestNG.main(RemoteTestNG.java:77)
]]>
            </full-stacktrace>
          </exception> <!-- org.openqa.selenium.NoSuchElementException -->
          <reporter-output>
          </reporter-output>
        </test-method> <!-- smokeInvalidGoogleLogin -->
        <test-method is-config="true" signature="closeBrowser()[pri:0, instance:testCases.TC001_InvalidGoogleLogin@5b247367]" started-at="2024-02-28T13:44:43 IST" name="closeBrowser" finished-at="2024-02-28T13:44:44 IST" duration-ms="1351" status="PASS">
          <reporter-output>
          </reporter-output>
        </test-method> <!-- closeBrowser -->
      </class> <!-- testCases.TC001_InvalidGoogleLogin -->
      <class name="testCases.TC002_BikeDetails">
        <test-method is-config="true" signature="initializeBrowser(java.lang.String)[pri:0, instance:testCases.TC002_BikeDetails@7c137fd5]" started-at="2024-02-28T13:44:44 IST" name="initializeBrowser" finished-at="2024-02-28T13:44:54 IST" duration-ms="10037" status="PASS">
          <params>
            <param index="0">
              <value>
                <![CDATA[Chrome]]>
              </value>
            </param>
          </params>
          <reporter-output>
          </reporter-output>
        </test-method> <!-- initializeBrowser -->
        <test-method signature="smokeBikeDetails()[pri:0, instance:testCases.TC002_BikeDetails@7c137fd5]" started-at="2024-02-28T13:44:54 IST" name="smokeBikeDetails" finished-at="2024-02-28T13:45:21 IST" duration-ms="27018" status="PASS">
          <reporter-output>
          </reporter-output>
        </test-method> <!-- smokeBikeDetails -->
        <test-method is-config="true" signature="closeBrowser()[pri:0, instance:testCases.TC002_BikeDetails@7c137fd5]" started-at="2024-02-28T13:45:21 IST" name="closeBrowser" finished-at="2024-02-28T13:45:23 IST" duration-ms="1481" status="PASS">
          <reporter-output>
          </reporter-output>
        </test-method> <!-- closeBrowser -->
      </class> <!-- testCases.TC002_BikeDetails -->
    </test> <!-- Chrome Test -->
  </suite> <!-- Suite -->
</testng-results>
