<?xml version="1.0" encoding="UTF-8"?>
<testng-results ignored="0" total="4" passed="4" failed="0" skipped="0">
  <reporter-output>
  </reporter-output>
  <suite started-at="2024-02-25T00:00:10 IST" name="Suite" finished-at="2024-02-25T00:03:11 IST" duration-ms="180309">
    <groups>
    </groups>
    <test started-at="2024-02-25T00:00:10 IST" name="Test" finished-at="2024-02-25T00:03:11 IST" duration-ms="180309">
      <class name="testCases.TC003_HealthInsurance">
        <test-method is-config="true" signature="initializeBrowser()[pri:0, instance:testCases.TC003_HealthInsurance@6d763516]" started-at="2024-02-25T00:00:26 IST" name="initializeBrowser" finished-at="2024-02-25T00:00:29 IST" duration-ms="2733" status="PASS">
          <reporter-output>
          </reporter-output>
        </test-method> <!-- initializeBrowser -->
        <test-method signature="testHealthInsurance()[pri:0, instance:testCases.TC003_HealthInsurance@6d763516]" started-at="2024-02-25T00:00:29 IST" name="testHealthInsurance" finished-at="2024-02-25T00:01:13 IST" duration-ms="44391" status="PASS">
          <reporter-output>
          </reporter-output>
        </test-method> <!-- testHealthInsurance -->
        <test-method is-config="true" signature="closeBrowser()[pri:0, instance:testCases.TC003_HealthInsurance@6d763516]" started-at="2024-02-25T00:01:13 IST" name="closeBrowser" finished-at="2024-02-25T00:01:14 IST" duration-ms="525" status="PASS">
          <reporter-output>
          </reporter-output>
        </test-method> <!-- closeBrowser -->
      </class> <!-- testCases.TC003_HealthInsurance -->
      <class name="testCases.TC004_UsedCarDetails">
        <test-method is-config="true" signature="initializeBrowser()[pri:0, instance:testCases.TC004_UsedCarDetails@52bf72b5]" started-at="2024-02-25T00:01:14 IST" name="initializeBrowser" finished-at="2024-02-25T00:01:17 IST" duration-ms="2996" status="PASS">
          <reporter-output>
          </reporter-output>
        </test-method> <!-- initializeBrowser -->
        <test-method signature="testUsedCars()[pri:0, instance:testCases.TC004_UsedCarDetails@52bf72b5]" started-at="2024-02-25T00:01:17 IST" name="testUsedCars" finished-at="2024-02-25T00:03:10 IST" duration-ms="113357" status="PASS">
          <reporter-output>
          </reporter-output>
        </test-method> <!-- testUsedCars -->
        <test-method is-config="true" signature="closeBrowser()[pri:0, instance:testCases.TC004_UsedCarDetails@52bf72b5]" started-at="2024-02-25T00:03:10 IST" name="closeBrowser" finished-at="2024-02-25T00:03:11 IST" duration-ms="697" status="PASS">
          <reporter-output>
          </reporter-output>
        </test-method> <!-- closeBrowser -->
      </class> <!-- testCases.TC004_UsedCarDetails -->
      <class name="testCases.TC001_BikeDetails">
        <test-method is-config="true" signature="initializeBrowser()[pri:0, instance:testCases.TC001_BikeDetails@9f116cc]" started-at="2024-02-25T00:00:11 IST" name="initializeBrowser" finished-at="2024-02-25T00:00:14 IST" duration-ms="3028" status="PASS">
          <reporter-output>
          </reporter-output>
        </test-method> <!-- initializeBrowser -->
        <test-method signature="testBikeDetails()[pri:0, instance:testCases.TC001_BikeDetails@9f116cc]" started-at="2024-02-25T00:00:14 IST" name="testBikeDetails" finished-at="2024-02-25T00:00:17 IST" duration-ms="3463" status="PASS">
          <reporter-output>
          </reporter-output>
        </test-method> <!-- testBikeDetails -->
        <test-method is-config="true" signature="closeBrowser()[pri:0, instance:testCases.TC001_BikeDetails@9f116cc]" started-at="2024-02-25T00:00:17 IST" name="closeBrowser" finished-at="2024-02-25T00:00:17 IST" duration-ms="441" status="PASS">
          <reporter-output>
          </reporter-output>
        </test-method> <!-- closeBrowser -->
      </class> <!-- testCases.TC001_BikeDetails -->
      <class name="testCases.TC002_CarDetails">
        <test-method is-config="true" signature="initializeBrowser()[pri:0, instance:testCases.TC002_CarDetails@2a798d51]" started-at="2024-02-25T00:00:17 IST" name="initializeBrowser" finished-at="2024-02-25T00:00:20 IST" duration-ms="2688" status="PASS">
          <reporter-output>
          </reporter-output>
        </test-method> <!-- initializeBrowser -->
        <test-method signature="testCarDetails()[pri:0, instance:testCases.TC002_CarDetails@2a798d51]" started-at="2024-02-25T00:00:20 IST" name="testCarDetails" finished-at="2024-02-25T00:00:26 IST" duration-ms="5453" status="PASS">
          <reporter-output>
          </reporter-output>
        </test-method> <!-- testCarDetails -->
        <test-method is-config="true" signature="closeBrowser()[pri:0, instance:testCases.TC002_CarDetails@2a798d51]" started-at="2024-02-25T00:00:26 IST" name="closeBrowser" finished-at="2024-02-25T00:00:26 IST" duration-ms="483" status="PASS">
          <reporter-output>
          </reporter-output>
        </test-method> <!-- closeBrowser -->
      </class> <!-- testCases.TC002_CarDetails -->
    </test> <!-- Test -->
  </suite> <!-- Suite -->
</testng-results>
